<?xml version="1.0" encoding="utf-8"?><testsuites name="pytest tests"><testsuite name="pytest" errors="0" failures="0" skipped="1" tests="13" time="2.615" timestamp="2026-05-06T06:37:20.804419+00:00" hostname="agent-env-ba8f7b6b-81cb-426a-b488-ebf9f9c9a46c"><testcase classname="backend.tests.test_check_unique.TestCheckUniqueEndpoint" name="test_check_unique_invalid_field_returns_400" time="0.233" /><testcase classname="backend.tests.test_check_unique.TestCheckUniqueEndpoint" name="test_check_unique_empty_value_returns_false" time="0.113" /><testcase classname="backend.tests.test_check_unique.TestCheckUniqueEndpoint" name="test_check_unique_mobile_known_conflict" time="0.119" /><testcase classname="backend.tests.test_check_unique.TestCheckUniqueEndpoint" name="test_check_unique_mobile_non_existing" time="0.111" /><testcase classname="backend.tests.test_check_unique.TestCheckUniqueEndpoint" name="test_check_unique_email_non_existing" time="0.110" /><testcase classname="backend.tests.test_check_unique.TestCheckUniqueEndpoint" name="test_check_unique_email_existing" time="0.101" /><testcase classname="backend.tests.test_check_unique.TestCheckUniqueEndpoint" name="test_check_unique_aadhaar_non_existing" time="0.123" /><testcase classname="backend.tests.test_check_unique.TestCheckUniqueEndpoint" name="test_check_unique_pan_non_existing" time="0.143" /><testcase classname="backend.tests.test_check_unique.TestCheckUniqueEndpoint" name="test_check_unique_pan_case_insensitive" time="0.202" /><testcase classname="backend.tests.test_check_unique.TestCheckUniqueEndpoint" name="test_check_unique_email_case_insensitive" time="0.242" /><testcase classname="backend.tests.test_check_unique.TestCheckUniqueEndpoint" name="test_check_unique_exclude_employee_id" time="0.419"><skipped type="pytest.skip" message="Cannot fetch employees">/app/backend/tests/test_check_unique.py:113: Cannot fetch employees</skipped></testcase><testcase classname="backend.tests.test_check_unique.TestCheckUniqueEndpoint" name="test_check_unique_conflict_response_structure" time="0.137" /><testcase classname="backend.tests.test_check_unique.TestCheckUniqueEndpoint" name="test_all_four_valid_fields" time="0.459" /></testsuite></testsuites>