<?xml version="1.0" encoding="utf-8"?><testsuites name="pytest tests"><testsuite name="pytest" errors="0" failures="0" skipped="1" tests="35" time="10.543" timestamp="2026-05-27T12:16:39.480008+00:00" hostname="agent-env-d5328dd4-cdf2-41d8-b17f-095e889040d8"><testcase classname="tests.test_iter11_regression.TestAuth" name="test_admin_password_login" time="1.459" /><testcase classname="tests.test_iter11_regression.TestAuth" name="test_employee_password_login" time="0.331" /><testcase classname="tests.test_iter11_regression.TestAuth" name="test_invalid_login" time="0.347" /><testcase classname="tests.test_iter11_regression.TestAuth" name="test_otp_request_returns_200" time="0.585" /><testcase classname="tests.test_iter11_regression.TestEmployeeCreate" name="test_create_with_epf_employee" time="0.234" /><testcase classname="tests.test_iter11_regression.TestEmployeeCreate" name="test_create_without_epf_employee" time="0.106" /><testcase classname="tests.test_iter11_regression.TestEmployeeCreate" name="test_create_without_email_fails" time="0.112" /><testcase classname="tests.test_iter11_regression.TestEmployeeCreate" name="test_create_without_last_name_succeeds" time="0.113" /><testcase classname="tests.test_iter11_regression.TestBulkSalary" name="test_template_download_as_admin" time="0.151" /><testcase classname="tests.test_iter11_regression.TestBulkSalary" name="test_template_download_as_employee_403" time="0.441" /><testcase classname="tests.test_iter11_regression.TestBulkSalary" name="test_template_download_as_manager_403" time="0.467" /><testcase classname="tests.test_iter11_regression.TestBulkSalary" name="test_upload_round_trip" time="0.345" /><testcase classname="tests.test_iter11_regression.TestBulkSalary" name="test_upload_as_employee_403" time="0.115" /><testcase classname="tests.test_iter11_regression.TestSaturdayRule" name="test_post_put_saturday_rule_persists[all_working]" time="0.334" /><testcase classname="tests.test_iter11_regression.TestSaturdayRule" name="test_post_put_saturday_rule_persists[alt_1_3_off]" time="0.349" /><testcase classname="tests.test_iter11_regression.TestSaturdayRule" name="test_post_put_saturday_rule_persists[alt_2_4_off]" time="0.336" /><testcase classname="tests.test_iter11_regression.TestSaturdayRule" name="test_post_put_saturday_rule_persists[all_off]" time="0.325" /><testcase classname="tests.test_iter11_regression.TestSaturdayRule" name="test_shift_create_blocked_for_employee" time="0.121" /><testcase classname="tests.test_iter11_regression.TestACLHardening" name="test_documents_blocked_for_employee" time="0.113" /><testcase classname="tests.test_iter11_regression.TestACLHardening" name="test_documents_blocked_for_manager" time="0.105" /><testcase classname="tests.test_iter11_regression.TestACLHardening" name="test_tracker_config_blocked_for_employee" time="0.110" /><testcase classname="tests.test_iter11_regression.TestACLHardening" name="test_tracker_config_blocked_for_manager" time="0.113" /><testcase classname="tests.test_iter11_regression.TestACLHardening" name="test_dashboard_payroll_stats_only_for_admin" time="0.226" /><testcase classname="tests.test_iter11_regression.TestHierarchy" name="test_manager_RMF0017_sees_only_subtree" time="0.188" /><testcase classname="tests.test_iter11_regression.TestHierarchy" name="test_divisional_manager_RMF0010_sees_deeper_subtree" time="0.452" /><testcase classname="tests.test_iter11_regression.TestHierarchy" name="test_employee_only_sees_self" time="0.222" /><testcase classname="tests.test_iter11_regression.TestRegressionLists" name="test_employees_list_admin" time="0.118" /><testcase classname="tests.test_iter11_regression.TestRegressionLists" name="test_attendance_list_admin" time="0.224" /><testcase classname="tests.test_iter11_regression.TestRegressionLists" name="test_attendance_list_with_date_range" time="0.107" /><testcase classname="tests.test_iter11_regression.TestRegressionLists" name="test_leaves_list" time="0.100" /><testcase classname="tests.test_iter11_regression.TestRegressionLists" name="test_shifts_list" time="0.108" /><testcase classname="tests.test_iter11_regression.TestRegressionLists" name="test_dashboard_my_stats_for_employee" time="0.101" /><testcase classname="tests.test_iter11_regression.TestRegressionLists" name="test_attendance_today_for_employee" time="0.113" /><testcase classname="tests.test_iter11_regression.TestRegressionLists" name="test_attendance_my_for_employee" time="0.115" /><testcase classname="tests.test_iter11_regression" name="test_monthly_endpoint_existence_probe" time="1.488"><skipped type="pytest.skip" message="/api/attendance/monthly NOT implemented (got 404). Frontend MonthlyAttendanceReport.js composes the matrix client-side via /attendance + /leaves + /holidays + /shifts.">/app/backend/tests/test_iter11_regression.py:419: /api/attendance/monthly NOT implemented (got 404). Frontend MonthlyAttendanceReport.js composes the matrix client-side via /attendance + /leaves + /holidays + /shifts.</skipped></testcase></testsuite></testsuites>