<?xml version="1.0" encoding="utf-8"?><testsuites name="pytest tests"><testsuite name="pytest" errors="0" failures="0" skipped="1" tests="31" time="5.890" timestamp="2026-07-13T14:11:05.957767+00:00" hostname="agent-env-0592c75b-de44-4f3c-aee3-b3fa15b30648"><testcase classname="backend.tests.test_iter25_compoff_ledger.TestMyBalance" name="test_my_balance_returns_200" time="0.541" /><testcase classname="backend.tests.test_iter25_compoff_ledger.TestMyBalance" name="test_my_balance_comp_off_is_dict" time="0.117" /><testcase classname="backend.tests.test_iter25_compoff_ledger.TestMyBalance" name="test_my_balance_comp_off_has_required_keys" time="0.104" /><testcase classname="backend.tests.test_iter25_compoff_ledger.TestMyBalance" name="test_my_balance_comp_off_remaining_equals_total_minus_used" time="0.107" /><testcase classname="backend.tests.test_iter25_compoff_ledger.TestMyBalance" name="test_my_balance_comp_off_values_non_negative" time="0.106" /><testcase classname="backend.tests.test_iter25_compoff_ledger.TestEmployeeBalance" name="test_admin_get_employee_balance_200" time="0.439" /><testcase classname="backend.tests.test_iter25_compoff_ledger.TestEmployeeBalance" name="test_employee_balance_comp_off_structure" time="0.110" /><testcase classname="backend.tests.test_iter25_compoff_ledger.TestEmployeeBalance" name="test_employee_balance_nonexistent_returns_empty_or_defaults" time="0.107" /><testcase classname="backend.tests.test_iter25_compoff_ledger.TestAllBalances" name="test_all_balances_200" time="0.104" /><testcase classname="backend.tests.test_iter25_compoff_ledger.TestAllBalances" name="test_all_balances_comp_off_structure" time="0.122" /><testcase classname="backend.tests.test_iter25_compoff_ledger.TestAllBalances" name="test_all_balances_employee_row_has_required_fields" time="0.130" /><testcase classname="backend.tests.test_iter25_compoff_ledger.TestManualGrantAdd" name="test_add_manual_grant_happy_path" time="0.336" /><testcase classname="backend.tests.test_iter25_compoff_ledger.TestManualGrantAdd" name="test_add_manual_grant_appears_in_balance_endpoint" time="0.101" /><testcase classname="backend.tests.test_iter25_compoff_ledger.TestGrantRemove" name="test_remove_grant_happy_path" time="0.326" /><testcase classname="backend.tests.test_iter25_compoff_ledger.TestGrantRemoveErrors" name="test_delete_pending_grant_returns_400" time="0.126" /><testcase classname="backend.tests.test_iter25_compoff_ledger.TestGrantRemoveErrors" name="test_delete_nonexistent_grant_returns_404" time="0.105" /><testcase classname="backend.tests.test_iter25_compoff_ledger.TestGrantRemoveErrors" name="test_delete_invalid_grant_id_returns_400" time="0.098" /><testcase classname="backend.tests.test_iter25_compoff_ledger.TestGrantRemoveErrors" name="test_delete_used_grant_returns_400" time="0.114" /><testcase classname="backend.tests.test_iter25_compoff_ledger.TestManualGrantValidation" name="test_future_date_returns_400" time="0.100" /><testcase classname="backend.tests.test_iter25_compoff_ledger.TestManualGrantValidation" name="test_empty_reason_returns_400" time="0.113" /><testcase classname="backend.tests.test_iter25_compoff_ledger.TestManualGrantValidation" name="test_nonexistent_employee_returns_404" time="0.108" /><testcase classname="backend.tests.test_iter25_compoff_ledger.TestManualGrantValidation" name="test_duplicate_date_returns_400" time="0.210" /><testcase classname="backend.tests.test_iter25_compoff_ledger.TestManualGrantValidation" name="test_non_admin_cannot_add_grant" time="0.331"><skipped type="pytest.skip" message="RMF0002 login failed: 401">/app/backend/tests/test_iter25_compoff_ledger.py:421: RMF0002 login failed: 401</skipped></testcase><testcase classname="backend.tests.test_iter25_compoff_ledger.TestCompOffLeaveAutoApprove" name="test_auto_approve_burns_oldest_grant" time="0.218" /><testcase classname="backend.tests.test_iter25_compoff_ledger.TestCompOffLeaveAdminApprove" name="test_approve_pending_burns_oldest_grant" time="0.653" /><testcase classname="backend.tests.test_iter25_compoff_ledger.TestPendingLeavesCompOff" name="test_pending_leaves_returns_200" time="0.107" /><testcase classname="backend.tests.test_iter25_compoff_ledger.TestPendingLeavesCompOff" name="test_pending_comp_off_has_remaining_balance" time="0.134" /><testcase classname="backend.tests.test_iter25_compoff_ledger.TestUpdateEmployeeBalance" name="test_update_balance_without_compoff_fields" time="0.213" /><testcase classname="backend.tests.test_iter25_compoff_ledger.TestUpdateEmployeeBalance" name="test_update_balance_comp_off_not_in_response_directly" time="0.105" /><testcase classname="backend.tests.test_iter25_compoff_ledger.TestUpdateEmployeeBalance" name="test_update_balance_missing_reason_returns_400" time="0.121" /><testcase classname="backend.tests.test_iter25_compoff_ledger.TestUpdateEmployeeBalance" name="test_update_balance_used_exceeds_total_returns_400" time="0.109" /></testsuite></testsuites>