<?xml version="1.0" encoding="utf-8"?><testsuites name="pytest tests"><testsuite name="pytest" errors="0" failures="1" skipped="3" tests="26" time="4.532" timestamp="2026-07-03T10:44:22.989613+00:00" hostname="agent-env-4db465c6-20ec-4840-b203-4c4891b4a656"><testcase classname="backend.tests.test_iter18_new_features.TestDashboardDrilldown" name="test_drilldown_present_returns_200" time="0.507" /><testcase classname="backend.tests.test_iter18_new_features.TestDashboardDrilldown" name="test_drilldown_present_employee_fields" time="0.170" /><testcase classname="backend.tests.test_iter18_new_features.TestDashboardDrilldown" name="test_drilldown_absent_returns_200" time="0.107" /><testcase classname="backend.tests.test_iter18_new_features.TestDashboardDrilldown" name="test_drilldown_on_leave_returns_200" time="0.110" /><testcase classname="backend.tests.test_iter18_new_features.TestDashboardDrilldown" name="test_drilldown_requires_auth" time="0.143" /><testcase classname="backend.tests.test_iter18_new_features.TestAttendanceBranches" name="test_branches_returns_200" time="0.104" /><testcase classname="backend.tests.test_iter18_new_features.TestAttendanceBranches" name="test_branches_returns_list_of_strings" time="0.136" /><testcase classname="backend.tests.test_iter18_new_features.TestAttendanceBranches" name="test_branches_employee_role_denied" time="0.337"><skipped type="pytest.skip" message="Employee login failed">/app/backend/tests/test_iter18_new_features.py:128: Employee login failed</skipped></testcase><testcase classname="backend.tests.test_iter18_new_features.TestAttendanceBranches" name="test_manager_can_access_branches" time="0.452" /><testcase classname="backend.tests.test_iter18_new_features.TestAttendanceBranchFilter" name="test_branch_filter_returns_200" time="0.097" /><testcase classname="backend.tests.test_iter18_new_features.TestAttendanceBranchFilter" name="test_branch_filter_only_returns_that_branch" time="0.095" /><testcase classname="backend.tests.test_iter18_new_features.TestAttendanceBranchFilter" name="test_unknown_branch_returns_empty_list" time="0.094" /><testcase classname="backend.tests.test_iter18_new_features.TestAttendanceBranchFilter" name="test_attendance_records_include_branch_field" time="0.155" /><testcase classname="backend.tests.test_iter18_new_features.TestDirectExit" name="test_direct_exit_nonexistent_employee_404" time="0.102" /><testcase classname="backend.tests.test_iter18_new_features.TestDirectExit" name="test_direct_exit_requires_admin_role" time="0.319"><skipped type="pytest.skip" message="Employee login failed">/app/backend/tests/test_iter18_new_features.py:199: Employee login failed</skipped></testcase><testcase classname="backend.tests.test_iter18_new_features.TestDirectExit" name="test_direct_exit_invalid_type_rejected" time="0.193" /><testcase classname="backend.tests.test_iter18_new_features.TestDirectExit" name="test_direct_exit_requires_reason" time="0.109" /><testcase classname="backend.tests.test_iter18_new_features.TestChangeExitType" name="test_change_exit_type_invalid_exit_id_returns_422_or_404" time="0.100"><failure message="AssertionError: Expected error for invalid ID, got 500: Internal Server Error&#10;assert 500 in [400, 404, 422]&#10; +  where 500 = &lt;Response [500]&gt;.status_code">backend/tests/test_iter18_new_features.py:246: in test_change_exit_type_invalid_exit_id_returns_422_or_404
    assert r.status_code in [400, 404, 422], f"Expected error for invalid ID, got {r.status_code}: {r.text}"
E   AssertionError: Expected error for invalid ID, got 500: Internal Server Error
E   assert 500 in [400, 404, 422]
E    +  where 500 = &lt;Response [500]&gt;.status_code</failure></testcase><testcase classname="backend.tests.test_iter18_new_features.TestChangeExitType" name="test_change_exit_type_requires_admin_role" time="0.326"><skipped type="pytest.skip" message="Employee login failed">/app/backend/tests/test_iter18_new_features.py:252: Employee login failed</skipped></testcase><testcase classname="backend.tests.test_iter18_new_features.TestChangeExitType" name="test_change_exit_type_invalid_type_returns_422" time="0.108" /><testcase classname="backend.tests.test_iter18_new_features.TestHOStaffVisibility" name="test_manager_dashboard_stats_excludes_ho" time="0.109" /><testcase classname="backend.tests.test_iter18_new_features.TestHOStaffVisibility" name="test_admin_dashboard_stats_includes_all" time="0.107" /><testcase classname="backend.tests.test_iter18_new_features.TestHOStaffVisibility" name="test_manager_attendance_scope_excludes_employee_role" time="0.137" /><testcase classname="backend.tests.test_iter18_new_features.TestHOStaffVisibility" name="test_manager_drilldown_present_works" time="0.101" /><testcase classname="backend.tests.test_iter18_new_features.TestDashboardStats" name="test_stats_returns_expected_keys" time="0.098" /><testcase classname="backend.tests.test_iter18_new_features.TestDashboardStats" name="test_exit_requests_count_present" time="0.100" /></testsuite></testsuites>