<?xml version="1.0" encoding="utf-8"?><testsuites name="pytest tests"><testsuite name="pytest" errors="0" failures="0" skipped="0" tests="15" time="24.058" timestamp="2026-04-29T05:15:40.390144+00:00" hostname="agent-env-e236ce2d-2055-46c1-a751-3c9128eeb591"><testcase classname="backend.tests.test_kyc_ocr.TestAadhaarOCR" name="test_no_image_returns_400" time="2.600" /><testcase classname="backend.tests.test_kyc_ocr.TestAadhaarOCR" name="test_front_only_returns_shape" time="7.677" /><testcase classname="backend.tests.test_kyc_ocr.TestAadhaarOCR" name="test_front_and_back_accepted" time="2.350" /><testcase classname="backend.tests.test_kyc_ocr.TestAadhaarOCR" name="test_unauthenticated_forbidden" time="0.113" /><testcase classname="backend.tests.test_kyc_ocr.TestPanOCR" name="test_no_image_returns_400" time="0.108" /><testcase classname="backend.tests.test_kyc_ocr.TestPanOCR" name="test_valid_image_returns_shape" time="2.044" /><testcase classname="backend.tests.test_kyc_ocr.TestPanOCR" name="test_unauthenticated_forbidden" time="0.123" /><testcase classname="backend.tests.test_kyc_ocr.TestCandidateDocuments" name="test_documents_no_payload_returns_400" time="0.313" /><testcase classname="backend.tests.test_kyc_ocr.TestCandidateDocuments" name="test_initial_documents_meta_all_false" time="0.128" /><testcase classname="backend.tests.test_kyc_ocr.TestCandidateDocuments" name="test_get_missing_doc_binary_404" time="0.108" /><testcase classname="backend.tests.test_kyc_ocr.TestCandidateDocuments" name="test_invalid_doc_type_400" time="0.106" /><testcase classname="backend.tests.test_kyc_ocr.TestCandidateDocuments" name="test_upload_aadhaar_front_back" time="0.361" /><testcase classname="backend.tests.test_kyc_ocr.TestCandidateDocuments" name="test_get_aadhaar_front_binary" time="0.106" /><testcase classname="backend.tests.test_kyc_ocr.TestCandidateDocuments" name="test_upload_pan_only" time="0.224" /><testcase classname="backend.tests.test_kyc_ocr.TestCandidateDocuments" name="test_unauthenticated_forbidden" time="7.531" /></testsuite></testsuites>