<?xml version="1.0" encoding="utf-8"?><testsuites name="pytest tests"><testsuite name="pytest" errors="0" failures="1" skipped="1" tests="28" time="6.539" timestamp="2026-04-29T04:41:38.048268+00:00" hostname="agent-env-e236ce2d-2055-46c1-a751-3c9128eeb591"><testcase classname="backend.tests.test_hr_api.TestAuth" name="test_login_success" time="0.358" /><testcase classname="backend.tests.test_hr_api.TestAuth" name="test_login_wrong_password" time="0.351" /><testcase classname="backend.tests.test_hr_api.TestAuth" name="test_get_me" time="0.454" /><testcase classname="backend.tests.test_hr_api.TestDashboard" name="test_get_stats" time="0.107" /><testcase classname="backend.tests.test_hr_api.TestEmployees" name="test_list_employees" time="0.106" /><testcase classname="backend.tests.test_hr_api.TestEmployees" name="test_create_employee" time="0.204"><failure message="AssertionError: Create failed: {&quot;detail&quot;:&quot;Employee with this email already exists&quot;}&#10;assert (400 == 200 or 400 == 201)&#10; +  where 400 = &lt;Response [400]&gt;.status_code&#10; +  and   400 = &lt;Response [400]&gt;.status_code">backend/tests/test_hr_api.py:71: in test_create_employee
    assert resp.status_code == 200 or resp.status_code == 201, f"Create failed: {resp.text}"
E   AssertionError: Create failed: {"detail":"Employee with this email already exists"}
E   assert (400 == 200 or 400 == 201)
E    +  where 400 = &lt;Response [400]&gt;.status_code
E    +  and   400 = &lt;Response [400]&gt;.status_code</failure></testcase><testcase classname="backend.tests.test_hr_api.TestEmployees" name="test_get_employee" time="0.000"><skipped type="pytest.skip" message="No employee created">/app/backend/tests/test_hr_api.py:78: No employee created</skipped></testcase><testcase classname="backend.tests.test_hr_api.TestCandidates" name="test_list_candidates" time="0.108" /><testcase classname="backend.tests.test_hr_api.TestCandidates" name="test_create_candidate" time="0.113" /><testcase classname="backend.tests.test_hr_api.TestAttendance" name="test_get_attendance_records" time="0.118" /><testcase classname="backend.tests.test_hr_api.TestLeaves" name="test_get_leave_balances" time="0.151" /><testcase classname="backend.tests.test_hr_api.TestLeaves" name="test_list_leaves" time="0.108" /><testcase classname="backend.tests.test_hr_api.TestPayroll" name="test_list_payroll" time="0.124" /><testcase classname="backend.tests.test_hr_api.TestPerformance" name="test_list_reviews" time="0.129" /><testcase classname="backend.tests.test_hr_api.TestLetters" name="test_list_letters" time="0.106" /><testcase classname="backend.tests.test_hr_api.TestLocations" name="test_list_locations" time="0.116" /><testcase classname="backend.tests.test_hr_api.TestExit" name="test_list_exit" time="0.112" /><testcase classname="backend.tests.test_hr_api.TestGratuity" name="test_list_gratuity" time="0.116" /><testcase classname="backend.tests.test_new_features.TestCompanySettings" name="test_get_company_creates_defaults" time="0.461" /><testcase classname="backend.tests.test_new_features.TestCompanySettings" name="test_put_company_persists" time="0.214" /><testcase classname="backend.tests.test_new_features.TestNEFTExport" name="test_neft_export_format" time="0.238" /><testcase classname="backend.tests.test_new_features.TestAttendanceTracking" name="test_punch_in_without_photo" time="0.449" /><testcase classname="backend.tests.test_new_features.TestAttendanceTracking" name="test_location_update_requires_active_session" time="0.110" /><testcase classname="backend.tests.test_new_features.TestAttendanceTracking" name="test_location_update_with_active_session" time="0.584" /><testcase classname="backend.tests.test_new_features.TestAttendanceTracking" name="test_location_track_response_shape" time="0.898" /><testcase classname="backend.tests.test_new_features.TestAttendanceTracking" name="test_field_staff_active" time="0.126" /><testcase classname="backend.tests.test_new_features.TestRoleAccess" name="test_settings_put_forbidden_for_employee" time="0.146" /><testcase classname="backend.tests.test_new_features.TestRoleAccess" name="test_field_staff_active_unauth" time="0.100" /></testsuite></testsuites>