<?xml version="1.0" encoding="utf-8"?><testsuites name="pytest tests"><testsuite name="pytest" errors="0" failures="0" skipped="0" tests="25" time="4.503" timestamp="2026-06-03T10:18:26.252139+00:00" hostname="agent-env-02c1dd2d-8552-4140-bb89-9b3b31925a6e"><testcase classname="tests.test_iter12_lock_verify.TestEmployeeListVerificationColumns" name="test_employee_list_returns_uan_verification_for_rmf0006" time="0.574" /><testcase classname="tests.test_iter12_lock_verify.TestEmployeeListVerificationColumns" name="test_employee_list_returns_bank_details_verified_for_rmf0005" time="0.126" /><testcase classname="tests.test_iter12_lock_verify.TestEmployeeListVerificationColumns" name="test_employee_list_unverified_uan_employee" time="0.113" /><testcase classname="tests.test_iter12_lock_verify.TestEmployeeListVerificationColumns" name="test_employee_detail_returns_uan_verification" time="0.112" /><testcase classname="tests.test_iter12_lock_verify.TestEmployeeListVerificationColumns" name="test_employee_detail_returns_bank_details_verified" time="0.104" /><testcase classname="tests.test_iter12_lock_verify.TestUanVerificationClearOnUpdate" name="test_rmf0006_has_verified_uan_before_test" time="0.109" /><testcase classname="tests.test_iter12_lock_verify.TestUanVerificationClearOnUpdate" name="test_changing_uan_clears_uan_verification" time="0.102" /><testcase classname="tests.test_iter12_lock_verify.TestUanVerificationClearOnUpdate" name="test_uan_verification_cleared_on_get_after_change" time="0.122" /><testcase classname="tests.test_iter12_lock_verify.TestUanVerificationClearOnUpdate" name="test_same_uan_does_not_clear_verification" time="0.225" /><testcase classname="tests.test_iter12_lock_verify.TestUanVerificationClearOnUpdate" name="test_uan_number_restored_after_test" time="0.115" /><testcase classname="tests.test_iter12_lock_verify.TestBankVerificationClearOnUpdate" name="test_rmf0005_has_verified_bank_before_test" time="0.104" /><testcase classname="tests.test_iter12_lock_verify.TestBankVerificationClearOnUpdate" name="test_changing_account_number_clears_bank_verification" time="0.119" /><testcase classname="tests.test_iter12_lock_verify.TestBankVerificationClearOnUpdate" name="test_bank_verified_cleared_on_get_after_account_change" time="0.104" /><testcase classname="tests.test_iter12_lock_verify.TestBankVerificationClearOnUpdate" name="test_bank_verified_name_cleared_after_account_change" time="0.106" /><testcase classname="tests.test_iter12_lock_verify.TestBankVerificationClearOnUpdate" name="test_restore_original_account_number" time="0.125" /><testcase classname="tests.test_iter12_lock_verify.TestBankVerificationClearOnUpdate" name="test_ifsc_change_clears_bank_verification_rmf0009" time="0.340" /><testcase classname="tests.test_iter12_lock_verify.TestNeftExportBankVerificationFilter" name="test_neft_export_returns_200" time="0.128" /><testcase classname="tests.test_iter12_lock_verify.TestNeftExportBankVerificationFilter" name="test_neft_export_content_type_is_excel" time="0.136" /><testcase classname="tests.test_iter12_lock_verify.TestNeftExportBankVerificationFilter" name="test_neft_export_only_includes_verified_employees" time="0.273" /><testcase classname="tests.test_iter12_lock_verify.TestNeftExportBankVerificationFilter" name="test_neft_export_verified_accounts_present" time="0.118" /><testcase classname="tests.test_iter12_lock_verify.TestNeftExportBankVerificationFilter" name="test_neft_export_unverified_period_empty" time="0.110" /><testcase classname="tests.test_iter12_lock_verify.TestNeftExportBankVerificationFilter" name="test_neft_export_requires_auth" time="0.100" /><testcase classname="tests.test_iter12_lock_verify.TestNeftExportBankVerificationFilter" name="test_neft_export_access_denied_for_non_admin" time="0.445" /><testcase classname="tests.test_iter12_lock_verify.TestBankVerificationPreservedIfUnchanged" name="test_non_bank_update_preserves_bank_verification" time="0.249" /><testcase classname="tests.test_iter12_lock_verify.TestBankVerificationPreservedIfUnchanged" name="test_non_uan_update_preserves_uan_verification_rmf0008" time="0.243" /></testsuite></testsuites>