<?xml version="1.0" encoding="utf-8"?><testsuites name="pytest tests"><testsuite name="pytest" errors="0" failures="0" skipped="0" tests="18" time="3.105" timestamp="2026-04-28T11:03:44.672262+00:00" hostname="agent-env-e236ce2d-2055-46c1-a751-3c9128eeb591"><testcase classname="backend.tests.test_hr_api.TestAuth" name="test_login_success" time="0.395" /><testcase classname="backend.tests.test_hr_api.TestAuth" name="test_login_wrong_password" time="0.348" /><testcase classname="backend.tests.test_hr_api.TestAuth" name="test_get_me" time="0.428" /><testcase classname="backend.tests.test_hr_api.TestDashboard" name="test_get_stats" time="0.126" /><testcase classname="backend.tests.test_hr_api.TestEmployees" name="test_list_employees" time="0.097" /><testcase classname="backend.tests.test_hr_api.TestEmployees" name="test_create_employee" time="0.337" /><testcase classname="backend.tests.test_hr_api.TestEmployees" name="test_get_employee" time="0.118" /><testcase classname="backend.tests.test_hr_api.TestCandidates" name="test_list_candidates" time="0.100" /><testcase classname="backend.tests.test_hr_api.TestCandidates" name="test_create_candidate" time="0.103" /><testcase classname="backend.tests.test_hr_api.TestAttendance" name="test_get_attendance_records" time="0.114" /><testcase classname="backend.tests.test_hr_api.TestLeaves" name="test_get_leave_balances" time="0.120" /><testcase classname="backend.tests.test_hr_api.TestLeaves" name="test_list_leaves" time="0.106" /><testcase classname="backend.tests.test_hr_api.TestPayroll" name="test_list_payroll" time="0.104" /><testcase classname="backend.tests.test_hr_api.TestPerformance" name="test_list_reviews" time="0.100" /><testcase classname="backend.tests.test_hr_api.TestLetters" name="test_list_letters" time="0.104" /><testcase classname="backend.tests.test_hr_api.TestLocations" name="test_list_locations" time="0.124" /><testcase classname="backend.tests.test_hr_api.TestExit" name="test_list_exit" time="0.104" /><testcase classname="backend.tests.test_hr_api.TestGratuity" name="test_list_gratuity" time="0.102" /></testsuite></testsuites>