<?xml version="1.0" encoding="utf-8"?><testsuites name="pytest tests"><testsuite name="pytest" errors="0" failures="0" skipped="0" tests="35" time="6.720" timestamp="2026-07-09T18:23:25.242116+00:00" hostname="agent-env-87ce2788-6657-41b5-b299-4779f818a6f2"><testcase classname="backend.tests.test_iter22_odometer_e2e.TestOdometerEmployeesList" name="test_returns_200" time="0.701" /><testcase classname="backend.tests.test_iter22_odometer_e2e.TestOdometerEmployeesList" name="test_returns_list" time="0.218" /><testcase classname="backend.tests.test_iter22_odometer_e2e.TestOdometerEmployeesList" name="test_required_fields_present" time="0.108" /><testcase classname="backend.tests.test_iter22_odometer_e2e.TestOdometerEmployeesList" name="test_odometer_required_is_boolean" time="0.141" /><testcase classname="backend.tests.test_iter22_odometer_e2e.TestOdometerEmployeesList" name="test_403_for_employee" time="0.508" /><testcase classname="backend.tests.test_iter22_odometer_e2e.TestOdometerEmployeesList" name="test_401_unauthenticated" time="0.113" /><testcase classname="backend.tests.test_iter22_odometer_e2e.TestOdometerToggle" name="test_toggle_false_to_true" time="0.220" /><testcase classname="backend.tests.test_iter22_odometer_e2e.TestOdometerToggle" name="test_toggle_persists_true" time="0.117" /><testcase classname="backend.tests.test_iter22_odometer_e2e.TestOdometerToggle" name="test_toggle_true_to_false" time="0.269" /><testcase classname="backend.tests.test_iter22_odometer_e2e.TestOdometerToggle" name="test_toggle_404_nonexistent_employee" time="0.111" /><testcase classname="backend.tests.test_iter22_odometer_e2e.TestOdometerToggle" name="test_toggle_403_for_employee" time="0.117" /><testcase classname="backend.tests.test_iter22_odometer_e2e.TestOdometerToggle" name="test_toggle_401_unauthenticated" time="0.108" /><testcase classname="backend.tests.test_iter22_odometer_e2e.TestOdometerToggle" name="test_iter21_regression_no_field_set" time="0.430" /><testcase classname="backend.tests.test_iter22_odometer_e2e.TestMyOdometerStatus" name="test_admin_returns_required_false" time="0.166" /><testcase classname="backend.tests.test_iter22_odometer_e2e.TestMyOdometerStatus" name="test_non_tracked_employee_returns_required_false" time="0.220" /><testcase classname="backend.tests.test_iter22_odometer_e2e.TestMyOdometerStatus" name="test_tracked_employee_returns_full_status" time="0.349" /><testcase classname="backend.tests.test_iter22_odometer_e2e.TestMyOdometerStatus" name="test_tracked_employee_boolean_fields" time="0.223" /><testcase classname="backend.tests.test_iter22_odometer_e2e.TestMyOdometerStatus" name="test_401_unauthenticated" time="0.115" /><testcase classname="backend.tests.test_iter22_odometer_e2e.TestMyOdometerStatus" name="test_cleanup_restore_false" time="0.220" /><testcase classname="backend.tests.test_iter22_odometer_e2e.TestOdometerReading" name="test_setup_enable_tracking" time="0.275" /><testcase classname="backend.tests.test_iter22_odometer_e2e.TestOdometerReading" name="test_submit_start_reading" time="0.111" /><testcase classname="backend.tests.test_iter22_odometer_e2e.TestOdometerReading" name="test_submit_end_reading" time="0.134" /><testcase classname="backend.tests.test_iter22_odometer_e2e.TestOdometerReading" name="test_invalid_kind_rejected" time="0.136" /><testcase classname="backend.tests.test_iter22_odometer_e2e.TestOdometerReading" name="test_admin_returns_400_no_employee" time="0.161" /><testcase classname="backend.tests.test_iter22_odometer_e2e.TestOdometerReading" name="test_401_unauthenticated" time="0.118" /><testcase classname="backend.tests.test_iter22_odometer_e2e.TestOdometerReading" name="test_idempotent_start_overwrite" time="0.109" /><testcase classname="backend.tests.test_iter22_odometer_e2e.TestOdometerDayDetail" name="test_returns_200" time="0.108" /><testcase classname="backend.tests.test_iter22_odometer_e2e.TestOdometerDayDetail" name="test_required_fields" time="0.109" /><testcase classname="backend.tests.test_iter22_odometer_e2e.TestOdometerDayDetail" name="test_employee_id_matches" time="0.118" /><testcase classname="backend.tests.test_iter22_odometer_e2e.TestOdometerDayDetail" name="test_start_end_readings_present_after_submission" time="0.122" /><testcase classname="backend.tests.test_iter22_odometer_e2e.TestOdometerDayDetail" name="test_distance_calculated" time="0.112" /><testcase classname="backend.tests.test_iter22_odometer_e2e.TestOdometerDayDetail" name="test_nonexistent_employee_returns_empty_not_404" time="0.123" /><testcase classname="backend.tests.test_iter22_odometer_e2e.TestOdometerDayDetail" name="test_403_for_employee" time="0.118" /><testcase classname="backend.tests.test_iter22_odometer_e2e.TestOdometerDayDetail" name="test_401_unauthenticated" time="0.105" /><testcase classname="backend.tests.test_iter22_odometer_e2e.TestOdometerDayDetail" name="test_cleanup_disable_tracking" time="0.222" /></testsuite></testsuites>