<?xml version="1.0" encoding="utf-8"?><testsuites name="pytest tests"><testsuite name="pytest" errors="0" failures="0" skipped="0" tests="15" time="6.021" timestamp="2026-05-07T09:20:01.847398+00:00" hostname="agent-env-ba8f7b6b-81cb-426a-b488-ebf9f9c9a46c"><testcase classname="tests.test_shifts_api.TestShiftsList" name="test_list_seeded" time="0.595" /><testcase classname="tests.test_shifts_api.TestShiftsList" name="test_list_no_auth" time="0.104" /><testcase classname="tests.test_shifts_api.TestShiftsCRUD" name="test_field_agent_cannot_create" time="0.442" /><testcase classname="tests.test_shifts_api.TestShiftsCRUD" name="test_create_shift_validation_bad_role" time="0.108" /><testcase classname="tests.test_shifts_api.TestShiftsCRUD" name="test_create_basic" time="0.236" /><testcase classname="tests.test_shifts_api.TestShiftsCRUD" name="test_role_auto_removed_from_other_shift" time="0.351" /><testcase classname="tests.test_shifts_api.TestShiftsCRUD" name="test_is_default_exclusivity" time="0.220" /><testcase classname="tests.test_shifts_api.TestShiftsCRUD" name="test_update_shift" time="0.228" /><testcase classname="tests.test_shifts_api.TestShiftsCRUD" name="test_soft_delete" time="0.317" /><testcase classname="tests.test_shifts_api.TestShiftsCRUD" name="test_cannot_delete_default" time="0.228" /><testcase classname="tests.test_shifts_api.TestShiftResolve" name="test_resolve_me_admin" time="0.104" /><testcase classname="tests.test_shifts_api.TestShiftResolve" name="test_resolve_me_field_agent" time="0.110" /><testcase classname="tests.test_shifts_api.TestShiftResolve" name="test_resolve_employee_id_hr_only" time="0.230" /><testcase classname="tests.test_shifts_api.TestEmployeeShiftOverride" name="test_set_and_clear_shift_id" time="0.560" /><testcase classname="tests.test_shifts_api.TestShiftHalfDayRules" name="test_rules_module_punch_in_late_and_short_hours" time="2.099" /></testsuite></testsuites>