<?xml version="1.0" encoding="utf-8"?><testsuites name="pytest tests"><testsuite name="pytest" errors="0" failures="0" skipped="3" tests="53" time="10.068" timestamp="2026-06-12T06:27:03.805058+00:00" hostname="agent-env-1abd3fbb-6a61-46e3-b532-587dda1bf905"><testcase classname="backend.tests.test_exit_management.TestNOCSections" name="test_noc_sections_returns_5_sections" time="0.461" /><testcase classname="backend.tests.test_exit_management.TestNOCSections" name="test_noc_section_keys" time="0.098" /><testcase classname="backend.tests.test_exit_management.TestNOCSections" name="test_noc_section_items_count" time="0.105" /><testcase classname="backend.tests.test_exit_management.TestNOCSections" name="test_noc_sections_has_labels" time="0.113" /><testcase classname="backend.tests.test_exit_management.TestNOCSections" name="test_noc_sections_no_auth" time="0.098" /><testcase classname="backend.tests.test_exit_management.TestListExits" name="test_admin_can_list_all_exits" time="0.107" /><testcase classname="backend.tests.test_exit_management.TestListExits" name="test_admin_sees_existing_completed_exit" time="0.105" /><testcase classname="backend.tests.test_exit_management.TestListExits" name="test_employee_sees_own_exit" time="0.319"><skipped type="pytest.skip" message="Employee login failed: {&quot;detail&quot;:&quot;Account is inactive. Contact HR.&quot;}">/app/backend/tests/test_exit_management.py:169: Employee login failed: {"detail":"Account is inactive. Contact HR."}</skipped></testcase><testcase classname="backend.tests.test_exit_management.TestListExits" name="test_list_exits_filter_by_status" time="0.098" /><testcase classname="backend.tests.test_exit_management.TestListExits" name="test_list_exits_filter_rejected" time="0.095" /><testcase classname="backend.tests.test_exit_management.TestListExits" name="test_list_exits_unauthenticated" time="0.104" /><testcase classname="backend.tests.test_exit_management.TestExitWorkflow" name="test_01_submit_resignation_as_admin_for_rmf0007" time="0.200" /><testcase classname="backend.tests.test_exit_management.TestExitWorkflow" name="test_02_submit_duplicate_resignation_blocked" time="0.194" /><testcase classname="backend.tests.test_exit_management.TestExitWorkflow" name="test_03_get_exit_by_id" time="0.095" /><testcase classname="backend.tests.test_exit_management.TestExitWorkflow" name="test_04_exit_has_correct_approval_chain" time="0.099" /><testcase classname="backend.tests.test_exit_management.TestExitWorkflow" name="test_05_admin_cannot_approve_as_manager" time="0.196" /><testcase classname="backend.tests.test_exit_management.TestExitWorkflow" name="test_06_manager_approves_level1" time="1.168" /><testcase classname="backend.tests.test_exit_management.TestExitWorkflow" name="test_07_verify_level1_marked_approved" time="0.097" /><testcase classname="backend.tests.test_exit_management.TestExitWorkflow" name="test_08_admin_approval_requires_lwd" time="0.096" /><testcase classname="backend.tests.test_exit_management.TestExitWorkflow" name="test_09_admin_gives_final_approval_with_lwd" time="0.101" /><testcase classname="backend.tests.test_exit_management.TestExitWorkflow" name="test_10_verify_noc_in_progress_state" time="0.133" /><testcase classname="backend.tests.test_exit_management.TestLWDUpdate" name="test_lwd_update_by_admin" time="0.099" /><testcase classname="backend.tests.test_exit_management.TestLWDUpdate" name="test_lwd_update_persisted" time="0.197" /><testcase classname="backend.tests.test_exit_management.TestLWDUpdate" name="test_lwd_update_forbidden_for_non_admin" time="0.096" /><testcase classname="backend.tests.test_exit_management.TestNOCSubmissions" name="test_noc_submit_branch_manager_section" time="0.198" /><testcase classname="backend.tests.test_exit_management.TestNOCSubmissions" name="test_noc_submit_accounts_section" time="0.223" /><testcase classname="backend.tests.test_exit_management.TestNOCSubmissions" name="test_noc_submit_it_section" time="0.205" /><testcase classname="backend.tests.test_exit_management.TestNOCSubmissions" name="test_noc_submit_audit_section" time="0.234" /><testcase classname="backend.tests.test_exit_management.TestNOCSubmissions" name="test_noc_submit_admin_section_and_verify_noc_complete" time="0.196" /><testcase classname="backend.tests.test_exit_management.TestNOCSubmissions" name="test_noc_verify_all_cleared" time="0.098" /><testcase classname="backend.tests.test_exit_management.TestNOCSubmissions" name="test_noc_invalid_section_rejected" time="0.097" /><testcase classname="backend.tests.test_exit_management.TestNOCSubmissions" name="test_noc_not_allowed_before_approval" time="0.193" /><testcase classname="backend.tests.test_exit_management.TestFinalDocuments" name="test_final_docs_upload_fnf" time="0.120" /><testcase classname="backend.tests.test_exit_management.TestFinalDocuments" name="test_final_docs_upload_relieving_letter_and_complete" time="0.098" /><testcase classname="backend.tests.test_exit_management.TestFinalDocuments" name="test_final_docs_verify_completed_state" time="0.100" /><testcase classname="backend.tests.test_exit_management.TestFinalDocuments" name="test_final_docs_non_admin_forbidden" time="0.098" /><testcase classname="backend.tests.test_exit_management.TestFinalDocuments" name="test_final_docs_upload_requires_noc_complete" time="0.199" /><testcase classname="backend.tests.test_exit_management.TestDocumentDownload" name="test_download_fnf_sheet" time="0.096" /><testcase classname="backend.tests.test_exit_management.TestDocumentDownload" name="test_download_relieving_letter" time="0.104" /><testcase classname="backend.tests.test_exit_management.TestDocumentDownload" name="test_download_invalid_doc_type" time="0.100" /><testcase classname="backend.tests.test_exit_management.TestDocumentDownload" name="test_download_nonexistent_doc" time="1.261" /><testcase classname="backend.tests.test_exit_management.TestDocumentDownload" name="test_employee_cannot_download_others_docs" time="0.000"><skipped type="pytest.skip" message="Employee login failed: {&quot;detail&quot;:&quot;Account is inactive. Contact HR.&quot;}">/app/backend/tests/test_exit_management.py:712: Employee login failed: {"detail":"Account is inactive. Contact HR."}</skipped></testcase><testcase classname="backend.tests.test_exit_management.TestRejectionFlow" name="test_reject_creates_new_exit_for_fresh_employee" time="0.104"><skipped type="pytest.skip" message="RMF0009 already has active exit">/app/backend/tests/test_exit_management.py:740: RMF0009 already has active exit</skipped></testcase><testcase classname="backend.tests.test_exit_management.TestLWDLoginDisable" name="test_exited_employee_login_blocked" time="0.317" /><testcase classname="backend.tests.test_exit_management.TestLWDLoginDisable" name="test_exited_employee_login_error_message" time="0.317" /><testcase classname="backend.tests.test_exit_management.TestFFSEndpoint" name="test_ffs_for_completed_exit" time="0.202" /><testcase classname="backend.tests.test_exit_management.TestFFSEndpoint" name="test_ffs_for_our_test_exit" time="0.105" /><testcase classname="backend.tests.test_exit_management.TestEdgeCases" name="test_get_nonexistent_exit" time="0.093" /><testcase classname="backend.tests.test_exit_management.TestEdgeCases" name="test_submit_for_nonexistent_employee" time="0.097" /><testcase classname="backend.tests.test_exit_management.TestEdgeCases" name="test_submit_without_reason_fails" time="0.098" /><testcase classname="backend.tests.test_exit_management.TestEdgeCases" name="test_approve_with_invalid_action" time="0.194" /><testcase classname="backend.tests.test_exit_management.TestEdgeCases" name="test_lwd_update_on_submitted_exit_blocked" time="0.194" /><testcase classname="backend.tests.test_exit_management.TestEdgeCases" name="test_unauthenticated_approve_blocked" time="0.096" /></testsuite></testsuites>