<?xml version="1.0" encoding="utf-8"?><testsuites name="pytest tests"><testsuite name="pytest" errors="0" failures="0" skipped="0" tests="14" time="8.817" timestamp="2026-06-25T07:07:42.302177+00:00" hostname="agent-env-dcba7397-ee0d-4afc-807c-6e72b1c3a673"><testcase classname="backend.tests.test_admin_leave_autoexit.TestAdminApplyLeaveForEmployee" name="test_admin_apply_leave_returns_200" time="0.571" /><testcase classname="backend.tests.test_admin_leave_autoexit.TestAdminApplyLeaveForEmployee" name="test_admin_applied_leave_has_approved_status" time="0.425" /><testcase classname="backend.tests.test_admin_leave_autoexit.TestAdminApplyLeaveForEmployee" name="test_admin_applied_leave_has_applied_by_admin_true" time="0.425" /><testcase classname="backend.tests.test_admin_leave_autoexit.TestAdminApplyLeaveForEmployee" name="test_admin_applied_leave_has_approved_by_set" time="0.854" /><testcase classname="backend.tests.test_admin_leave_autoexit.TestAdminApplyLeaveBalanceDeduction" name="test_get_initial_balance" time="0.427" /><testcase classname="backend.tests.test_admin_leave_autoexit.TestAdminApplyLeaveBalanceDeduction" name="test_admin_apply_cl_leave_for_employee" time="0.421" /><testcase classname="backend.tests.test_admin_leave_autoexit.TestAdminApplyLeaveBalanceDeduction" name="test_balance_decremented_after_admin_apply" time="0.869" /><testcase classname="backend.tests.test_admin_leave_autoexit.TestAdminPolicyBypass" name="test_admin_can_apply_3_day_cl" time="0.860" /><testcase classname="backend.tests.test_admin_leave_autoexit.TestRegularEmployeeLeave" name="test_employee_own_leave_is_pending" time="0.899" /><testcase classname="backend.tests.test_admin_leave_autoexit.TestAutoExitEndpoint" name="test_run_auto_exit_returns_200" time="0.440" /><testcase classname="backend.tests.test_admin_leave_autoexit.TestAutoExitEndpoint" name="test_run_auto_exit_response_has_exited_count" time="0.438" /><testcase classname="backend.tests.test_admin_leave_autoexit.TestAutoExitEndpoint" name="test_run_auto_exit_response_has_exited_employees" time="0.420" /><testcase classname="backend.tests.test_admin_leave_autoexit.TestAutoExitEndpoint" name="test_run_auto_exit_forbidden_for_employee" time="0.427" /><testcase classname="backend.tests.test_admin_leave_autoexit.TestAdminLeaveAppearsInApprovedList" name="test_admin_applied_leave_in_approved_list" time="1.258" /></testsuite></testsuites>