<?xml version="1.0" encoding="utf-8"?><testsuites name="pytest tests"><testsuite name="pytest" errors="0" failures="0" skipped="0" tests="23" time="5.061" timestamp="2026-06-17T06:01:45.684807+00:00" hostname="agent-env-aefc7bdb-75d1-45c5-8ccc-6e16a4467e6a"><testcase classname="backend.tests.test_half_day_bulk_attendance.TestHalfDayLeaveApplication" name="test_single_day_first_half_days_0_5" time="0.998" /><testcase classname="backend.tests.test_half_day_bulk_attendance.TestHalfDayLeaveApplication" name="test_single_day_second_half_days_0_5" time="0.102" /><testcase classname="backend.tests.test_half_day_bulk_attendance.TestHalfDayLeaveApplication" name="test_multiday_start_half_reduces_days_by_0_5" time="0.139" /><testcase classname="backend.tests.test_half_day_bulk_attendance.TestHalfDayLeaveApplication" name="test_multiday_end_half_reduces_days_by_0_5" time="0.140" /><testcase classname="backend.tests.test_half_day_bulk_attendance.TestHalfDayLeaveApplication" name="test_multiday_both_halves_reduces_days_by_1" time="0.142" /><testcase classname="backend.tests.test_half_day_bulk_attendance.TestHalfDayLeaveApproval" name="test_record_initial_cl_balance" time="0.095" /><testcase classname="backend.tests.test_half_day_bulk_attendance.TestHalfDayLeaveApproval" name="test_apply_half_day_leave_for_approval" time="0.100" /><testcase classname="backend.tests.test_half_day_bulk_attendance.TestHalfDayLeaveApproval" name="test_admin_approves_half_day_leave" time="0.138" /><testcase classname="backend.tests.test_half_day_bulk_attendance.TestHalfDayLeaveApproval" name="test_attendance_upserted_with_half_day_status" time="0.154" /><testcase classname="backend.tests.test_half_day_bulk_attendance.TestHalfDayLeaveApproval" name="test_cl_balance_deducted_by_exactly_0_5" time="0.099" /><testcase classname="backend.tests.test_half_day_bulk_attendance.TestBulkLeaveBalanceUpload" name="test_missing_reason_row_is_skipped" time="0.154" /><testcase classname="backend.tests.test_half_day_bulk_attendance.TestBulkLeaveBalanceUpload" name="test_unknown_employee_id_is_skipped" time="0.139" /><testcase classname="backend.tests.test_half_day_bulk_attendance.TestBulkLeaveBalanceUpload" name="test_mixed_file_reports_all_skip_categories" time="0.132" /><testcase classname="backend.tests.test_half_day_bulk_attendance.TestBulkLeaveBalanceUpload" name="test_non_xlsx_file_rejected_with_400" time="0.094" /><testcase classname="backend.tests.test_half_day_bulk_attendance.TestBulkLeaveBalanceUpload" name="test_employee_role_cannot_upload_balances" time="0.106" /><testcase classname="backend.tests.test_half_day_bulk_attendance.TestAttendanceToday" name="test_today_endpoint_returns_200_and_schema" time="0.098" /><testcase classname="backend.tests.test_half_day_bulk_attendance.TestAttendanceToday" name="test_today_records_contain_employee_name_field" time="0.095" /><testcase classname="backend.tests.test_half_day_bulk_attendance.TestAttendanceToday" name="test_today_endpoint_employee_role_returns_own_only" time="0.281" /><testcase classname="backend.tests.test_half_day_bulk_attendance.TestEmployeePhotoEndpoint" name="test_fake_employee_returns_404" time="0.101" /><testcase classname="backend.tests.test_half_day_bulk_attendance.TestEmployeePhotoEndpoint" name="test_employee_with_photo_returns_200_image" time="0.152" /><testcase classname="backend.tests.test_half_day_bulk_attendance.TestEmployeePhotoEndpoint" name="test_employee_without_photo_returns_404" time="0.099" /><testcase classname="backend.tests.test_half_day_bulk_attendance.TestEmployeePhotoEndpoint" name="test_employee_role_cannot_access_photo" time="0.099" /><testcase classname="backend.tests.test_half_day_bulk_attendance.TestEmployeePhotoEndpoint" name="test_photo_has_cache_control_header" time="1.141" /></testsuite></testsuites>