<?xml version="1.0" encoding="utf-8"?><testsuites name="pytest tests"><testsuite name="pytest" errors="0" failures="0" skipped="0" tests="12" time="2.015" timestamp="2026-07-09T18:08:01.270287+00:00" hostname="agent-env-87ce2788-6657-41b5-b299-4779f818a6f2"><testcase classname="backend.tests.test_iter21_odometer_toggle.TestOdometerEmployeesList" name="test_get_odometer_employees_returns_200" time="0.679" /><testcase classname="backend.tests.test_iter21_odometer_toggle.TestOdometerEmployeesList" name="test_get_odometer_employees_returns_list" time="0.051" /><testcase classname="backend.tests.test_iter21_odometer_toggle.TestOdometerEmployeesList" name="test_get_odometer_employees_has_required_fields" time="0.051" /><testcase classname="backend.tests.test_iter21_odometer_toggle.TestOdometerEmployeesList" name="test_get_odometer_employees_no_exited" time="0.045" /><testcase classname="backend.tests.test_iter21_odometer_toggle.TestOdometerEmployeesList" name="test_get_odometer_employees_forbidden_for_unauthenticated" time="0.109" /><testcase classname="backend.tests.test_iter21_odometer_toggle.TestOdometerToggle" name="test_toggle_returns_200" time="0.144" /><testcase classname="backend.tests.test_iter21_odometer_toggle.TestOdometerToggle" name="test_toggle_response_has_odometer_required_bool" time="0.153" /><testcase classname="backend.tests.test_iter21_odometer_toggle.TestOdometerToggle" name="test_toggle_flips_state_from_false_to_true" time="0.206" /><testcase classname="backend.tests.test_iter21_odometer_toggle.TestOdometerToggle" name="test_toggle_flips_state_from_true_to_false" time="0.194" /><testcase classname="backend.tests.test_iter21_odometer_toggle.TestOdometerToggle" name="test_toggle_404_for_nonexistent_employee" time="0.045" /><testcase classname="backend.tests.test_iter21_odometer_toggle.TestOdometerToggle" name="test_toggle_forbidden_for_unauthenticated" time="0.104" /><testcase classname="backend.tests.test_iter21_odometer_toggle.TestOdometerToggle" name="test_toggle_bug_fix_employee_without_odometer_field" time="0.147" /></testsuite></testsuites>