<?xml version="1.0" encoding="utf-8"?><testsuites name="pytest tests"><testsuite name="pytest" errors="0" failures="0" skipped="0" tests="16" time="2.491" timestamp="2026-07-04T04:59:50.148247+00:00" hostname="agent-env-7ce48868-397d-40df-a686-3a8a1ef93dba"><testcase classname="backend.tests.test_iter19_payroll_publish.TestPublishEndpoint" name="test_publish_already_published_period_returns_zero" time="0.523" /><testcase classname="backend.tests.test_iter19_payroll_publish.TestPublishEndpoint" name="test_publish_requires_auth" time="0.110" /><testcase classname="backend.tests.test_iter19_payroll_publish.TestPublishEndpoint" name="test_publish_employee_role_forbidden" time="0.426" /><testcase classname="backend.tests.test_iter19_payroll_publish.TestPublishEndpoint" name="test_publish_invalid_period_returns_400" time="0.110" /><testcase classname="backend.tests.test_iter19_payroll_publish.TestPublishEndpoint" name="test_publish_future_period_returns_zero" time="0.104" /><testcase classname="backend.tests.test_iter19_payroll_publish.TestPayrollStatus" name="test_may_2026_records_are_processed" time="0.100" /><testcase classname="backend.tests.test_iter19_payroll_publish.TestPayrollStatus" name="test_list_payroll_with_period_filter" time="0.105" /><testcase classname="backend.tests.test_iter19_payroll_publish.TestPayrollStatus" name="test_list_payroll_no_filter_returns_all" time="0.106" /><testcase classname="backend.tests.test_iter19_payroll_publish.TestEmployeeVisibilityGating" name="test_employee_gating_draft_invisible" time="0.104" /><testcase classname="backend.tests.test_iter19_payroll_publish.TestEmployeeVisibilityGating" name="test_employee_cannot_see_july_2026_payslip" time="0.107" /><testcase classname="backend.tests.test_iter19_payroll_publish.TestEmployeeVisibilityGating" name="test_employee_cannot_see_draft_records" time="0.096" /><testcase classname="backend.tests.test_iter19_payroll_publish.TestEmployeeVisibilityGating" name="test_employee_only_sees_own_payroll" time="0.100" /><testcase classname="backend.tests.test_iter19_payroll_publish.TestEmployeeVisibilityGating" name="test_employee_payroll_endpoint_returns_own_records" time="0.102" /><testcase classname="backend.tests.test_iter19_payroll_publish.TestAdminFullAccess" name="test_admin_sees_all_records" time="0.115" /><testcase classname="backend.tests.test_iter19_payroll_publish.TestAdminFullAccess" name="test_admin_payroll_june_2026_period" time="0.099" /><testcase classname="backend.tests.test_iter19_payroll_publish.TestAdminFullAccess" name="test_admin_payroll_july_2026_period" time="0.098" /></testsuite></testsuites>