<?xml version="1.0" encoding="utf-8"?><testsuites name="pytest tests"><testsuite name="pytest" errors="0" failures="1" skipped="0" tests="50" time="3.152" timestamp="2026-07-13T11:00:47.271840+00:00" hostname="agent-env-44049bd6-9f66-4d17-aaf3-cf8cbca6203f"><testcase classname="backend.tests.test_iter24_digilocker_mapping.TestMapEducationType" name="test_10th_cbse_marksheet" time="0.000" /><testcase classname="backend.tests.test_iter24_digilocker_mapping.TestMapEducationType" name="test_higher_secondary" time="0.000" /><testcase classname="backend.tests.test_iter24_digilocker_mapping.TestMapEducationType" name="test_12th_keyword" time="0.000" /><testcase classname="backend.tests.test_iter24_digilocker_mapping.TestMapEducationType" name="test_graduation_degree" time="0.000" /><testcase classname="backend.tests.test_iter24_digilocker_mapping.TestMapEducationType" name="test_bachelor_degree" time="0.000" /><testcase classname="backend.tests.test_iter24_digilocker_mapping.TestMapEducationType" name="test_master_mba" time="0.000" /><testcase classname="backend.tests.test_iter24_digilocker_mapping.TestMapEducationType" name="test_phd_doctorate" time="0.000" /><testcase classname="backend.tests.test_iter24_digilocker_mapping.TestMapEducationType" name="test_phd_alone" time="0.000" /><testcase classname="backend.tests.test_iter24_digilocker_mapping.TestMapEducationType" name="test_marksheet_provisional" time="0.000" /><testcase classname="backend.tests.test_iter24_digilocker_mapping.TestMapEducationType" name="test_transcript" time="0.000" /><testcase classname="backend.tests.test_iter24_digilocker_mapping.TestMapEducationType" name="test_diploma" time="0.000" /><testcase classname="backend.tests.test_iter24_digilocker_mapping.TestMapEducationType" name="test_sslc" time="0.000" /><testcase classname="backend.tests.test_iter24_digilocker_mapping.TestMapEducationType" name="test_matric" time="0.000" /><testcase classname="backend.tests.test_iter24_digilocker_mapping.TestMapEducationType" name="test_hsc" time="0.000" /><testcase classname="backend.tests.test_iter24_digilocker_mapping.TestMapEducationType" name="test_puc_legitimate" time="0.000" /><testcase classname="backend.tests.test_iter24_digilocker_mapping.TestMapEducationType" name="test_unrelated_string_returns_none" time="0.000" /><testcase classname="backend.tests.test_iter24_digilocker_mapping.TestPUCSSCGuard" name="test_pollution_under_control_returns_none" time="0.000" /><testcase classname="backend.tests.test_iter24_digilocker_mapping.TestPUCSSCGuard" name="test_pucc_cert_returns_none" time="0.000" /><testcase classname="backend.tests.test_iter24_digilocker_mapping.TestPUCSSCGuard" name="test_staff_selection_commission_returns_none" time="0.000" /><testcase classname="backend.tests.test_iter24_digilocker_mapping.TestPUCSSCGuard" name="test_selection_commission_guard" time="0.000" /><testcase classname="backend.tests.test_iter24_digilocker_mapping.TestPUCSSCGuard" name="test_vehicle_cert_returns_none" time="0.000" /><testcase classname="backend.tests.test_iter24_digilocker_mapping.TestPUCSSCGuard" name="test_ssc_without_guard_trigger" time="0.000" /><testcase classname="backend.tests.test_iter24_digilocker_mapping.TestMapDocTypeFallback" name="test_cbse_token_direct_map" time="0.000" /><testcase classname="backend.tests.test_iter24_digilocker_mapping.TestMapDocTypeFallback" name="test_12cbse_token_direct_map" time="0.000" /><testcase classname="backend.tests.test_iter24_digilocker_mapping.TestMapDocTypeFallback" name="test_non_cbse_board_falls_back_to_education_type" time="0.000" /><testcase classname="backend.tests.test_iter24_digilocker_mapping.TestMapDocTypeFallback" name="test_graduation_in_name_falls_back" time="0.000" /><testcase classname="backend.tests.test_iter24_digilocker_mapping.TestMapDocTypeFallback" name="test_master_in_name_falls_back" time="0.000" /><testcase classname="backend.tests.test_iter24_digilocker_mapping.TestMapDocTypeFallback" name="test_phd_in_name_falls_back" time="0.000"><failure message="AssertionError: Expected edu_phd, got 'edu_graduation'&#10;assert 'edu_graduation' == 'edu_phd'&#10;  &#10;  - edu_phd&#10;  + edu_graduation">backend/tests/test_iter24_digilocker_mapping.py:224: in test_phd_in_name_falls_back
    assert result == "edu_phd", f"Expected edu_phd, got {result!r}"
E   AssertionError: Expected edu_phd, got 'edu_graduation'
E   assert 'edu_graduation' == 'edu_phd'
E     
E     - edu_phd
E     + edu_graduation</failure></testcase><testcase classname="backend.tests.test_iter24_digilocker_mapping.TestMapDocTypeFallback" name="test_marksheet_provisional_falls_back" time="0.000" /><testcase classname="backend.tests.test_iter24_digilocker_mapping.TestMapDocTypeFallback" name="test_pan_still_works" time="0.000" /><testcase classname="backend.tests.test_iter24_digilocker_mapping.TestMapDocTypeFallback" name="test_aadhaar_still_works" time="0.000" /><testcase classname="backend.tests.test_iter24_digilocker_mapping.TestMapDocTypeFallback" name="test_unknown_doc_returns_none" time="0.000" /><testcase classname="backend.tests.test_iter24_digilocker_mapping.TestMapDocTypeFallback" name="test_pollution_under_control_returns_none" time="0.000" /><testcase classname="backend.tests.test_iter24_digilocker_mapping.TestDoctypeInUriScan" name="test_doctype_higher_secondary_appended_to_uri" time="0.000" /><testcase classname="backend.tests.test_iter24_digilocker_mapping.TestDoctypeInUriScan" name="test_doctype_graduation_appended" time="0.000" /><testcase classname="backend.tests.test_iter24_digilocker_mapping.TestDoctypeInUriScan" name="test_without_doctype_append_opaque_uri_returns_none" time="0.000" /><testcase classname="backend.tests.test_iter24_digilocker_mapping.TestDoctypeInUriScan" name="test_doctype_cbse_10th_appended_to_uri" time="0.000" /><testcase classname="backend.tests.test_iter24_digilocker_mapping.TestDoctypeInUriScan" name="test_doctype_master_appended_to_uri" time="0.000" /><testcase classname="backend.tests.test_iter24_digilocker_mapping.TestDigilockerEndpoints" name="test_backend_health_not_500" time="0.711" /><testcase classname="backend.tests.test_iter24_digilocker_mapping.TestDigilockerEndpoints" name="test_digilocker_callback_not_500" time="0.141" /><testcase classname="backend.tests.test_iter24_digilocker_mapping.TestDigilockerEndpoints" name="test_digilocker_initiate_requires_auth" time="0.133" /><testcase classname="backend.tests.test_iter24_digilocker_mapping.TestDigilockerEndpoints" name="test_digilocker_session_status_404_for_unknown" time="0.118" /><testcase classname="backend.tests.test_iter24_digilocker_mapping.TestDigilockerEndpoints" name="test_digilocker_fetch_and_store_404_for_unknown_session" time="0.095" /><testcase classname="backend.tests.test_iter24_digilocker_mapping.TestDigilockerEndpoints" name="test_digilocker_initiate_perfios_key_missing_error" time="1.504" /><testcase classname="backend.tests.test_iter24_digilocker_mapping.TestDLTypeMap" name="test_map_contains_pan" time="0.000" /><testcase classname="backend.tests.test_iter24_digilocker_mapping.TestDLTypeMap" name="test_map_contains_aadhaar" time="0.000" /><testcase classname="backend.tests.test_iter24_digilocker_mapping.TestDLTypeMap" name="test_map_contains_10cbse" time="0.000" /><testcase classname="backend.tests.test_iter24_digilocker_mapping.TestDLTypeMap" name="test_map_contains_12cbse" time="0.000" /><testcase classname="backend.tests.test_iter24_digilocker_mapping.TestDLTypeMap" name="test_map_contains_degree" time="0.000" /><testcase classname="backend.tests.test_iter24_digilocker_mapping.TestDLTypeMap" name="test_map_contains_mgrcer" time="0.000" /></testsuite></testsuites>