<?xml version="1.0" encoding="utf-8"?><testsuites name="pytest tests"><testsuite name="pytest" errors="0" failures="0" skipped="0" tests="35" time="24.039" timestamp="2026-07-11T06:28:30.395701+00:00" hostname="agent-env-87ce2788-6657-41b5-b299-4779f818a6f2"><testcase classname="backend.tests.test_iter23_odometer_distance.TestOdometerEmployeesList" name="test_returns_200" time="0.493" /><testcase classname="backend.tests.test_iter23_odometer_distance.TestOdometerEmployeesList" name="test_returns_list" time="0.429" /><testcase classname="backend.tests.test_iter23_odometer_distance.TestOdometerEmployeesList" name="test_employee_fields_present" time="0.418" /><testcase classname="backend.tests.test_iter23_odometer_distance.TestOdometerEmployeesList" name="test_403_for_employee_role" time="0.426" /><testcase classname="backend.tests.test_iter23_odometer_distance.TestOdometerEmployeesList" name="test_401_unauthenticated" time="0.099" /><testcase classname="backend.tests.test_iter23_odometer_distance.TestToggleOdometer" name="test_toggle_false_to_true" time="1.701" /><testcase classname="backend.tests.test_iter23_odometer_distance.TestToggleOdometer" name="test_toggle_true_to_false" time="1.709" /><testcase classname="backend.tests.test_iter23_odometer_distance.TestToggleOdometer" name="test_persistence_via_get" time="2.094" /><testcase classname="backend.tests.test_iter23_odometer_distance.TestToggleOdometer" name="test_403_for_employee_role" time="1.151" /><testcase classname="backend.tests.test_iter23_odometer_distance.TestToggleOdometer" name="test_404_for_nonexistent_employee" time="1.148" /><testcase classname="backend.tests.test_iter23_odometer_distance.TestToggleOdometer" name="test_iter21_fix_employee_without_field" time="1.377" /><testcase classname="backend.tests.test_iter23_odometer_distance.TestMyOdometerStatus" name="test_admin_returns_required_false" time="0.403" /><testcase classname="backend.tests.test_iter23_odometer_distance.TestMyOdometerStatus" name="test_employee_not_tracked_returns_required_false" time="0.849" /><testcase classname="backend.tests.test_iter23_odometer_distance.TestMyOdometerStatus" name="test_tracked_employee_returns_full_status" time="0.427" /><testcase classname="backend.tests.test_iter23_odometer_distance.TestMyOdometerStatus" name="test_401_unauthenticated" time="0.094" /><testcase classname="backend.tests.test_iter23_odometer_distance.TestOdometerReading" name="test_start_reading_accepted" time="1.428" /><testcase classname="backend.tests.test_iter23_odometer_distance.TestOdometerReading" name="test_end_reading_returns_distance" time="1.575" /><testcase classname="backend.tests.test_iter23_odometer_distance.TestOdometerReading" name="test_invalid_kind_returns_400" time="1.432" /><testcase classname="backend.tests.test_iter23_odometer_distance.TestOdometerReading" name="test_admin_blocked_on_reading" time="0.822" /><testcase classname="backend.tests.test_iter23_odometer_distance.TestOdometerDay" name="test_returns_200_for_existing_employee" time="0.417" /><testcase classname="backend.tests.test_iter23_odometer_distance.TestOdometerDay" name="test_response_fields" time="0.419" /><testcase classname="backend.tests.test_iter23_odometer_distance.TestOdometerDay" name="test_nonexistent_employee_returns_200_with_nulls" time="0.433" /><testcase classname="backend.tests.test_iter23_odometer_distance.TestOdometerDay" name="test_403_for_employee_role" time="0.427" /><testcase classname="backend.tests.test_iter23_odometer_distance.TestOdometerDay" name="test_401_unauthenticated" time="0.092" /><testcase classname="backend.tests.test_iter23_odometer_distance.TestDistanceReport" name="test_today_returns_200" time="0.426" /><testcase classname="backend.tests.test_iter23_odometer_distance.TestDistanceReport" name="test_response_has_required_fields" time="0.449" /><testcase classname="backend.tests.test_iter23_odometer_distance.TestDistanceReport" name="test_specific_date_works" time="0.428" /><testcase classname="backend.tests.test_iter23_odometer_distance.TestDistanceReport" name="test_row_fields_when_data_present" time="0.422" /><testcase classname="backend.tests.test_iter23_odometer_distance.TestDistanceReport" name="test_401_unauthenticated" time="0.098" /><testcase classname="backend.tests.test_iter23_odometer_distance.TestDistanceReport" name="test_403_for_employee_role" time="0.420" /><testcase classname="backend.tests.test_iter23_odometer_distance.TestDistanceExport" name="test_export_returns_xlsx_blob" time="0.436" /><testcase classname="backend.tests.test_iter23_odometer_distance.TestDistanceExport" name="test_export_attachment_header" time="0.447" /><testcase classname="backend.tests.test_iter23_odometer_distance.TestDistanceExport" name="test_export_invalid_date_returns_400" time="0.416" /><testcase classname="backend.tests.test_iter23_odometer_distance.TestDistanceExport" name="test_export_range_too_large_returns_400" time="0.423" /><testcase classname="backend.tests.test_iter23_odometer_distance.TestDistanceExport" name="test_export_401_unauthenticated" time="0.098" /></testsuite></testsuites>