<?xml version="1.0" encoding="utf-8"?><testsuites name="pytest tests"><testsuite name="pytest" errors="0" failures="0" skipped="0" tests="30" time="29.461" timestamp="2026-06-11T06:07:17.504041+00:00" hostname="agent-env-02c1dd2d-8552-4140-bb89-9b3b31925a6e"><testcase classname="backend.tests.test_iter13_auth_flows.TestPasswordLogin" name="test_admin_password_login_success" time="0.446" /><testcase classname="backend.tests.test_iter13_auth_flows.TestPasswordLogin" name="test_employee_password_login_success" time="0.348" /><testcase classname="backend.tests.test_iter13_auth_flows.TestPasswordLogin" name="test_invalid_password_returns_401" time="0.363" /><testcase classname="backend.tests.test_iter13_auth_flows.TestPasswordLogin" name="test_unknown_username_returns_401" time="0.145" /><testcase classname="backend.tests.test_iter13_auth_flows.TestPasswordLogin" name="test_login_response_includes_must_change_password_false_for_normal_user" time="0.336" /><testcase classname="backend.tests.test_iter13_auth_flows.TestForgotPasswordRequest" name="test_invalid_username_returns_404" time="0.144" /><testcase classname="backend.tests.test_iter13_auth_flows.TestForgotPasswordRequest" name="test_valid_username_returns_200_or_502" time="0.598" /><testcase classname="backend.tests.test_iter13_auth_flows.TestForgotPasswordRequest" name="test_valid_username_email_masked_format" time="0.714" /><testcase classname="backend.tests.test_iter13_auth_flows.TestForgotPasswordRequest" name="test_cooldown_returns_429" time="0.701" /><testcase classname="backend.tests.test_iter13_auth_flows.TestForgotPasswordVerify" name="test_wrong_otp_returns_401_with_attempts" time="0.779" /><testcase classname="backend.tests.test_iter13_auth_flows.TestForgotPasswordVerify" name="test_wrong_otp_decrements_attempts" time="0.797" /><testcase classname="backend.tests.test_iter13_auth_flows.TestForgotPasswordVerify" name="test_correct_otp_resets_password" time="1.053" /><testcase classname="backend.tests.test_iter13_auth_flows.TestForgotPasswordVerify" name="test_correct_otp_allows_login_with_new_password" time="1.361" /><testcase classname="backend.tests.test_iter13_auth_flows.TestForgotPasswordVerify" name="test_otp_consumed_after_use" time="1.124" /><testcase classname="backend.tests.test_iter13_auth_flows.TestForgotPasswordVerify" name="test_short_new_password_returns_400" time="0.562" /><testcase classname="backend.tests.test_iter13_auth_flows.TestForgotPasswordVerify" name="test_invalid_username_returns_401" time="0.635" /><testcase classname="backend.tests.test_iter13_auth_flows.TestAdminResetPassword" name="test_admin_can_reset_employee_password" time="1.119" /><testcase classname="backend.tests.test_iter13_auth_flows.TestAdminResetPassword" name="test_admin_reset_sets_must_change_password_in_db" time="1.110" /><testcase classname="backend.tests.test_iter13_auth_flows.TestAdminResetPassword" name="test_login_after_admin_reset_returns_must_change_true" time="1.437" /><testcase classname="backend.tests.test_iter13_auth_flows.TestAdminResetPassword" name="test_non_admin_cannot_reset_password" time="0.667" /><testcase classname="backend.tests.test_iter13_auth_flows.TestAdminResetPassword" name="test_reset_unknown_employee_returns_404" time="0.688" /><testcase classname="backend.tests.test_iter13_auth_flows.TestAdminResetPassword" name="test_reset_response_message_mentions_forced_change" time="1.111" /><testcase classname="backend.tests.test_iter13_auth_flows.TestForcedPasswordChange" name="test_forced_change_requires_token" time="1.229" /><testcase classname="backend.tests.test_iter13_auth_flows.TestForcedPasswordChange" name="test_forced_change_succeeds" time="1.939" /><testcase classname="backend.tests.test_iter13_auth_flows.TestForcedPasswordChange" name="test_forced_change_clears_must_change_flag_in_db" time="1.759" /><testcase classname="backend.tests.test_iter13_auth_flows.TestForcedPasswordChange" name="test_forced_change_allows_normal_login_after" time="2.162" /><testcase classname="backend.tests.test_iter13_auth_flows.TestForcedPasswordChange" name="test_forced_change_fails_if_flag_not_set" time="2.199" /><testcase classname="backend.tests.test_iter13_auth_flows.TestForcedPasswordChange" name="test_forced_change_short_password_returns_400" time="1.765" /><testcase classname="backend.tests.test_iter13_auth_flows.TestChangePasswordClearsMustChange" name="test_change_password_clears_must_change_flag" time="1.109" /><testcase classname="backend.tests.test_iter13_auth_flows.TestChangePasswordClearsMustChange" name="test_change_password_wrong_current_returns_400" time="0.888" /></testsuite></testsuites>