<?xml version="1.0" encoding="utf-8"?><testsuites name="pytest tests"><testsuite name="pytest" errors="0" failures="0" skipped="0" tests="12" time="2.533" timestamp="2026-04-29T10:43:35.812901+00:00" hostname="agent-env-10d0ff75-bcce-4fe0-a742-63b4019a1a3b"><testcase classname="backend.tests.test_uan_esi_payslip.TestUANESIEmployeeFields" name="test_update_employee_uan_esi" time="0.463" /><testcase classname="backend.tests.test_uan_esi_payslip.TestUANESIEmployeeFields" name="test_get_employee_has_uan_esi" time="0.110" /><testcase classname="backend.tests.test_uan_esi_payslip.TestUANESIEmployeeFields" name="test_list_employees_has_uan_esi_for_updated_employee" time="0.107" /><testcase classname="backend.tests.test_uan_esi_payslip.TestUANESIEmployeeFields" name="test_update_employee_uan_esi_with_new_test_employee" time="0.663" /><testcase classname="backend.tests.test_uan_esi_payslip.TestPayslipPDF" name="test_pdf_endpoint_returns_200" time="0.311" /><testcase classname="backend.tests.test_uan_esi_payslip.TestPayslipPDF" name="test_pdf_content_type" time="0.114" /><testcase classname="backend.tests.test_uan_esi_payslip.TestPayslipPDF" name="test_pdf_content_disposition_header" time="0.114" /><testcase classname="backend.tests.test_uan_esi_payslip.TestPayslipPDF" name="test_pdf_is_valid_pdf_bytes" time="0.113" /><testcase classname="backend.tests.test_uan_esi_payslip.TestPayslipPDF" name="test_pdf_minimum_size" time="0.124" /><testcase classname="backend.tests.test_uan_esi_payslip.TestPayslipPDF" name="test_known_record_pdf_downloads" time="0.114" /><testcase classname="backend.tests.test_uan_esi_payslip.TestPayslipPDF" name="test_pdf_404_for_invalid_record" time="0.115" /><testcase classname="backend.tests.test_uan_esi_payslip.TestPayslipPDF" name="test_pdf_endpoint_unauthenticated_returns_401" time="0.103" /></testsuite></testsuites>