<?xml version="1.0" encoding="utf-8"?><testsuites name="pytest tests"><testsuite name="pytest" errors="0" failures="0" skipped="0" tests="29" time="2.684" timestamp="2026-07-04T07:22:37.558572+00:00" hostname="agent-env-7ce48868-397d-40df-a686-3a8a1ef93dba"><testcase classname="backend.tests.test_iter20_compoff_leave_deduction.TestApproveLeavCompOffGrantPath" name="test_a1_ensure_no_manual_compoff_balance_for_employee" time="0.579" /><testcase classname="backend.tests.test_iter20_compoff_leave_deduction.TestApproveLeavCompOffGrantPath" name="test_a2_grant_exists_and_approved_before_leave_apply" time="0.003" /><testcase classname="backend.tests.test_iter20_compoff_leave_deduction.TestApproveLeavCompOffGrantPath" name="test_a3_apply_compoff_leave_creates_pending_application" time="0.003" /><testcase classname="backend.tests.test_iter20_compoff_leave_deduction.TestApproveLeavCompOffGrantPath" name="test_a4_approve_compoff_leave_returns_200" time="0.106" /><testcase classname="backend.tests.test_iter20_compoff_leave_deduction.TestApproveLeavCompOffGrantPath" name="test_a5_grant_marked_used_after_approve" time="0.003" /><testcase classname="backend.tests.test_iter20_compoff_leave_deduction.TestApproveLeavCompOffGrantPath" name="test_a6_balances_all_shows_zero_compoff_after_approval" time="0.106" /><testcase classname="backend.tests.test_iter20_compoff_leave_deduction.TestApproveLeaveCompOffManualBalancePath" name="test_b1_setup_manual_compoff_balance" time="0.206" /><testcase classname="backend.tests.test_iter20_compoff_leave_deduction.TestApproveLeaveCompOffManualBalancePath" name="test_b2_apply_pending_compoff_leave_manual" time="0.003" /><testcase classname="backend.tests.test_iter20_compoff_leave_deduction.TestApproveLeaveCompOffManualBalancePath" name="test_b3_approve_compoff_leave_manual_balance" time="0.114" /><testcase classname="backend.tests.test_iter20_compoff_leave_deduction.TestApproveLeaveCompOffManualBalancePath" name="test_b4_manual_compoff_balance_decremented" time="0.105" /><testcase classname="backend.tests.test_iter20_compoff_leave_deduction.TestApplyLeaveAutoApproveGrantPath" name="test_c1_ensure_no_manual_compoff_for_autoapprove_employee" time="0.003" /><testcase classname="backend.tests.test_iter20_compoff_leave_deduction.TestApplyLeaveAutoApproveGrantPath" name="test_c2_grant_c_is_approved_before_auto_apply" time="0.003" /><testcase classname="backend.tests.test_iter20_compoff_leave_deduction.TestApplyLeaveAutoApproveGrantPath" name="test_c3_hr_applies_compoff_on_behalf_auto_approves" time="0.110" /><testcase classname="backend.tests.test_iter20_compoff_leave_deduction.TestApplyLeaveAutoApproveGrantPath" name="test_c4_grant_marked_used_after_auto_approve" time="0.003" /><testcase classname="backend.tests.test_iter20_compoff_leave_deduction.TestApplyLeaveAutoApproveGrantPath" name="test_c5_cleanup_auto_approved_leave" time="0.003" /><testcase classname="backend.tests.test_iter20_compoff_leave_deduction.TestApplyLeaveAutoApproveManualBalancePath" name="test_d1_setup_manual_compoff_balance_for_autoapprove" time="0.200" /><testcase classname="backend.tests.test_iter20_compoff_leave_deduction.TestApplyLeaveAutoApproveManualBalancePath" name="test_d2_hr_applies_compoff_on_behalf_manual_balance" time="0.100" /><testcase classname="backend.tests.test_iter20_compoff_leave_deduction.TestApplyLeaveAutoApproveManualBalancePath" name="test_d3_manual_balance_decremented_after_auto_approve" time="0.099" /><testcase classname="backend.tests.test_iter20_compoff_leave_deduction.TestApplyLeaveAutoApproveManualBalancePath" name="test_d4_cleanup_auto_approved_leave_d" time="0.003" /><testcase classname="backend.tests.test_iter20_compoff_leave_deduction.TestCLLeaveRegressionAfterCompOffFix" name="test_e1_get_cl_balance_before" time="0.103" /><testcase classname="backend.tests.test_iter20_compoff_leave_deduction.TestCLLeaveRegressionAfterCompOffFix" name="test_e2_insert_pending_cl_leave" time="0.003" /><testcase classname="backend.tests.test_iter20_compoff_leave_deduction.TestCLLeaveRegressionAfterCompOffFix" name="test_e3_approve_cl_leave" time="0.104" /><testcase classname="backend.tests.test_iter20_compoff_leave_deduction.TestCLLeaveRegressionAfterCompOffFix" name="test_e4_cl_balance_decremented" time="0.105" /><testcase classname="backend.tests.test_iter20_compoff_leave_deduction.TestSLLeaveRegressionAfterCompOffFix" name="test_f1_get_sl_balance_before" time="0.105" /><testcase classname="backend.tests.test_iter20_compoff_leave_deduction.TestSLLeaveRegressionAfterCompOffFix" name="test_f2_insert_pending_sl_leave" time="0.003" /><testcase classname="backend.tests.test_iter20_compoff_leave_deduction.TestSLLeaveRegressionAfterCompOffFix" name="test_f3_approve_sl_leave" time="0.112" /><testcase classname="backend.tests.test_iter20_compoff_leave_deduction.TestSLLeaveRegressionAfterCompOffFix" name="test_f4_sl_balance_decremented" time="0.102" /><testcase classname="backend.tests.test_iter20_compoff_leave_deduction.TestCompOffApproveWithNoGrantsNoCrash" name="test_h1_create_pending_compoff_for_no_grant_employee" time="0.003" /><testcase classname="backend.tests.test_iter20_compoff_leave_deduction.TestCompOffApproveWithNoGrantsNoCrash" name="test_h2_approve_compoff_no_grants_returns_200" time="0.105" /></testsuite></testsuites>