<?xml version="1.0" encoding="utf-8"?><testsuites name="pytest tests"><testsuite name="pytest" errors="0" failures="0" skipped="0" tests="16" time="3.219" timestamp="2026-06-17T06:20:53.227982+00:00" hostname="agent-env-aefc7bdb-75d1-45c5-8ccc-6e16a4467e6a"><testcase classname="test_regularisation_leave_compoff.TestRegulariseCreateLeave" name="test_create_leave_cl_record_stored" time="0.559" /><testcase classname="test_regularisation_leave_compoff.TestRegulariseCreateLeave" name="test_create_leave_cl_balance_decremented" time="0.114" /><testcase classname="test_regularisation_leave_compoff.TestRegulariseEditLeave" name="test_create_absent_record_for_sl_employee" time="0.114" /><testcase classname="test_regularisation_leave_compoff.TestRegulariseEditLeave" name="test_patch_to_leave_sl_stores_leave_type" time="0.140" /><testcase classname="test_regularisation_leave_compoff.TestRegulariseEditLeave" name="test_patch_sl_balance_decremented" time="0.105" /><testcase classname="test_regularisation_leave_compoff.TestCompOffManualBalancePath" name="test_setup_compoff_manual_balance" time="0.221" /><testcase classname="test_regularisation_leave_compoff.TestCompOffManualBalancePath" name="test_compoff_regularisation_decrements_manual_balance" time="0.297" /><testcase classname="test_regularisation_leave_compoff.TestCompOffGrantPath" name="test_compoff_regularisation_marks_grant_used" time="0.421" /><testcase classname="test_regularisation_leave_compoff.TestCompOffBalanceUpdate" name="test_put_balance_with_compoff_returns_correct_values" time="0.208" /><testcase classname="test_regularisation_leave_compoff.TestCompOffBalanceUpdate" name="test_get_balances_all_shows_manual_compoff" time="0.100" /><testcase classname="test_regularisation_leave_compoff.TestCompOffBalanceUpdate" name="test_get_balance_employee_shows_manual_compoff" time="0.094" /><testcase classname="test_regularisation_leave_compoff.TestCompOffNoSideEffects" name="test_put_balance_without_compoff_no_manual_override" time="0.200" /><testcase classname="test_regularisation_leave_compoff.TestCompOffNoSideEffects" name="test_balances_all_uses_grant_count_for_no_override_employee" time="0.138" /><testcase classname="test_regularisation_leave_compoff.TestLeaveApprovalTypeDefault" name="test_create_cl_leave_application" time="0.097" /><testcase classname="test_regularisation_leave_compoff.TestLeaveApprovalTypeDefault" name="test_approve_cl_leave_correct_approval_type" time="0.105" /><testcase classname="test_regularisation_leave_compoff.TestLeaveApprovalTypeDefault" name="test_get_approved_cl_leave_has_correct_approval_type" time="0.116" /></testsuite></testsuites>