<?xml version="1.0" encoding="utf-8"?><testsuites name="pytest tests"><testsuite name="pytest" errors="0" failures="0" skipped="0" tests="8" time="2.008" timestamp="2026-05-07T09:57:31.670649+00:00" hostname="agent-env-ba8f7b6b-81cb-426a-b488-ebf9f9c9a46c"><testcase classname="tests.test_multi_session_attendance" name="test_put_employee_persists_flag" time="0.832" /><testcase classname="tests.test_multi_session_attendance" name="test_block_when_flag_off_already_punched_in" time="0.483" /><testcase classname="tests.test_multi_session_attendance" name="test_block_when_flag_off_already_punched_out" time="0.124" /><testcase classname="tests.test_multi_session_attendance" name="test_multi_session_blocks_when_session_open" time="0.117" /><testcase classname="tests.test_multi_session_attendance" name="test_multi_session_punch_out_no_open_session" time="0.122" /><testcase classname="tests.test_multi_session_attendance" name="test_my_returns_session_aggregates" time="0.178" /><testcase classname="tests.test_multi_session_attendance" name="test_late_half_day_locked_even_with_sum_hours" time="0.002" /><testcase classname="tests.test_multi_session_attendance" name="test_short_hours_half_day_via_rule_engine" time="0.001" /></testsuite></testsuites>